<?xml version="1.0" encoding="UTF-8"?>
<!-- Generated by org.testng.reporters.JUnitReportReporter -->
<testsuite skipped="0" hostname="ASPIRE620" name="TestBasicConcepts.TestBasicConcepts" tests="1" failures="0" timestamp="08 Mar 2018 03:42:37 GMT" time="0.016" errors="0">
  <testcase name="testmethod" time="0.016" classname="TestBasicConcepts.TestBasicConcepts"/>
</testsuite> <!-- TestBasicConcepts.TestBasicConcepts -->
