<?xml version="1.0" encoding="UTF-8"?>
<!-- Generated by org.testng.reporters.JUnitReportReporter -->
<testsuite skipped="0" hostname="Aspire1484" name="TestBasicConcepts.TestBasicConcepts" tests="1" failures="0" timestamp="05 Mar 2018 11:12:05 GMT" time="0.000" errors="0">
  <testcase name="testmethod" time="0.000" classname="TestBasicConcepts.TestBasicConcepts"/>
</testsuite> <!-- TestBasicConcepts.TestBasicConcepts -->
