<?xml version="1.0" encoding="UTF-8"?>
<!-- Generated by org.testng.reporters.JUnitReportReporter -->
<testsuite skipped="0" hostname="ASPIRE620" name="BasicConcepts.AnnotationConcepts" tests="3" failures="0" timestamp="13 Mar 2018 09:26:03 GMT" time="0.015" errors="0">
  <testcase name="f1" time="0.010" classname="BasicConcepts.AnnotationConcepts"/>
  <testcase name="f2" time="0.004" classname="BasicConcepts.AnnotationConcepts"/>
  <testcase name="f3" time="0.001" classname="BasicConcepts.AnnotationConcepts"/>
</testsuite> <!-- BasicConcepts.AnnotationConcepts -->
