<?xml version="1.0" encoding="UTF-8"?>
<!-- Generated by org.testng.reporters.JUnitReportReporter -->
<testsuite skipped="0" hostname="ASPIRE620" name="BasicConcepts.AnnotationConcepts" tests="3" failures="0" timestamp="14 Mar 2018 06:36:07 GMT" time="44.383" errors="0">
  <testcase name="f1" time="6.777" classname="BasicConcepts.AnnotationConcepts"/>
  <testcase name="f3" time="20.231" classname="BasicConcepts.AnnotationConcepts"/>
  <testcase name="f2" time="17.375" classname="BasicConcepts.AnnotationConcepts"/>
</testsuite> <!-- BasicConcepts.AnnotationConcepts -->
